<?xml version="1.0" encoding="UTF-8"?>
<!-- Generated by org.testng.reporters.JUnitXMLReporter -->
<testsuite hostname="BDC8-D-6P2HH92" name="Default test" tests="44" failures="0" timestamp="12 Aug 2016 11:33:24 GMT" time="784.277" errors="0">
  <testcase name="UserACR_001" time="0.012" classname="ApolloNew.Main_Function">
    <skipped/>
  </testcase> <!-- UserACR_001 -->
  <testcase name="UserDND_001" time="0.006" classname="ApolloNew.Main_Function">
    <skipped/>
  </testcase> <!-- UserDND_001 -->
  <testcase name="GPSACR_001" time="0.003" classname="ApolloNew.Main_Function">
    <skipped/>
  </testcase> <!-- GPSACR_001 -->
  <testcase name="UserCFU_001" time="0.004" classname="ApolloNew.Main_Function">
    <skipped/>
  </testcase> <!-- UserCFU_001 -->
  <testcase name="UserCFNA_001" time="0.011" classname="ApolloNew.Main_Function">
    <skipped/>
  </testcase> <!-- UserCFNA_001 -->
  <testcase name="UserCFB_001" time="0.002" classname="ApolloNew.Main_Function">
    <skipped/>
  </testcase> <!-- UserCFB_001 -->
  <testcase name="UserSCF_001" time="0.008" classname="ApolloNew.Main_Function">
    <skipped/>
  </testcase> <!-- UserSCF_001 -->
  <testcase name="UserSCR_001" time="0.005" classname="ApolloNew.Main_Function">
    <skipped/>
  </testcase> <!-- UserSCR_001 -->
  <testcase name="UserSpeedDial_001" time="0.003" classname="ApolloNew.Main_Function">
    <skipped/>
  </testcase> <!-- UserSpeedDial_001 -->
  <testcase name="UserCallLogs_001" time="0.002" classname="ApolloNew.Main_Function">
    <skipped/>
  </testcase> <!-- UserCallLogs_001 -->
  <testcase name="VMSettings_001" time="0.002" classname="ApolloNew.Main_Function">
    <skipped/>
  </testcase> <!-- VMSettings_001 -->
  <testcase name="UserCallScheduler_001" time="0.002" classname="ApolloNew.Main_Function">
    <skipped/>
  </testcase> <!-- UserCallScheduler_001 -->
  <testcase name="UserOfficeAnywhere_001" time="0.003" classname="ApolloNew.Main_Function">
    <skipped/>
  </testcase> <!-- UserOfficeAnywhere_001 -->
  <testcase name="UserSequentialRing_001" time="0.005" classname="ApolloNew.Main_Function">
    <skipped/>
  </testcase> <!-- UserSequentialRing_001 -->
  <testcase name="UserSimultaneousRing_001" time="0.004" classname="ApolloNew.Main_Function">
    <skipped/>
  </testcase> <!-- UserSimultaneousRing_001 -->
  <testcase name="CustomCallerId_001" time="0.002" classname="ApolloNew.Main_Function">
    <skipped/>
  </testcase> <!-- CustomCallerId_001 -->
  <testcase name="Hotline_001" time="0.002" classname="ApolloNew.Main_Function">
    <skipped/>
  </testcase> <!-- Hotline_001 -->
  <testcase name="Hunting_001" time="0.002" classname="ApolloNew.Main_Function">
    <skipped/>
  </testcase> <!-- Hunting_001 -->
  <testcase name="AA_001" time="0.002" classname="ApolloNew.Main_Function">
    <skipped/>
  </testcase> <!-- AA_001 -->
  <testcase name="EditUser_001" time="0.002" classname="ApolloNew.Main_Function">
    <skipped/>
  </testcase> <!-- EditUser_001 -->
  <testcase name="AddUser_001" time="0.002" classname="ApolloNew.Main_Function">
    <skipped/>
  </testcase> <!-- AddUser_001 -->
  <testcase name="MyProfile_001" time="0.001" classname="ApolloNew.Main_Function">
    <skipped/>
  </testcase> <!-- MyProfile_001 -->
  <testcase name="GPSCallForward_001" time="0.001" classname="ApolloNew.Main_Function">
    <skipped/>
  </testcase> <!-- GPSCallForward_001 -->
  <testcase name="GPSCallForwardBusy_001" time="0.002" classname="ApolloNew.Main_Function">
    <skipped/>
  </testcase> <!-- GPSCallForwardBusy_001 -->
  <testcase name="GPSCallForwardNoAnswer_001" time="0.004" classname="ApolloNew.Main_Function">
    <skipped/>
  </testcase> <!-- GPSCallForwardNoAnswer_001 -->
  <testcase name="GPSCallTransfer_001" time="0.002" classname="ApolloNew.Main_Function">
    <skipped/>
  </testcase> <!-- GPSCallTransfer_001 -->
  <testcase name="GPSCallWaiting_001" time="0.002" classname="ApolloNew.Main_Function">
    <skipped/>
  </testcase> <!-- GPSCallWaiting_001 -->
  <testcase name="GPSDoNotDisturb_001" time="0.002" classname="ApolloNew.Main_Function">
    <skipped/>
  </testcase> <!-- GPSDoNotDisturb_001 -->
  <testcase name="GPSSelectiveCallForwarding_001" time="0.001" classname="ApolloNew.Main_Function">
    <skipped/>
  </testcase> <!-- GPSSelectiveCallForwarding_001 -->
  <testcase name="GPSSelectiveCallRejection_001" time="0.002" classname="ApolloNew.Main_Function">
    <skipped/>
  </testcase> <!-- GPSSelectiveCallRejection_001 -->
  <testcase name="GPSCallLogs_001" time="0.001" classname="ApolloNew.Main_Function">
    <skipped/>
  </testcase> <!-- GPSCallLogs_001 -->
  <testcase name="GPSCallReturn69_001" time="0.004" classname="ApolloNew.Main_Function">
    <skipped/>
  </testcase> <!-- GPSCallReturn69_001 -->
  <testcase name="GPSLastNumberRedial_001" time="0.001" classname="ApolloNew.Main_Function">
    <skipped/>
  </testcase> <!-- GPSLastNumberRedial_001 -->
  <testcase name="GPSSpeedDial_001" time="0.001" classname="ApolloNew.Main_Function">
    <skipped/>
  </testcase> <!-- GPSSpeedDial_001 -->
  <testcase name="GPSSuspendedLine_001" time="0.002" classname="ApolloNew.Main_Function">
    <skipped/>
  </testcase> <!-- GPSSuspendedLine_001 -->
  <testcase name="GPSThreeWayCalling_001" time="0.003" classname="ApolloNew.Main_Function">
    <skipped/>
  </testcase> <!-- GPSThreeWayCalling_001 -->
  <testcase name="GPSCallScheduler" time="0.003" classname="ApolloNew.Main_Function">
    <skipped/>
  </testcase> <!-- GPSCallScheduler -->
  <testcase name="GPSCallHold_001" time="0.004" classname="ApolloNew.Main_Function">
    <skipped/>
  </testcase> <!-- GPSCallHold_001 -->
  <testcase name="GPSCallParkandRetrieve_001" time="0.003" classname="ApolloNew.Main_Function">
    <skipped/>
  </testcase> <!-- GPSCallParkandRetrieve_001 -->
  <testcase name="GPSDirectedCallPickUp_001" time="0.002" classname="ApolloNew.Main_Function">
    <skipped/>
  </testcase> <!-- GPSDirectedCallPickUp_001 -->
  <testcase name="GPSOfficeAnywhere_001" time="0.002" classname="ApolloNew.Main_Function">
    <skipped/>
  </testcase> <!-- GPSOfficeAnywhere_001 -->
  <testcase name="GPSPersonalAttendant_001" time="0.009" classname="ApolloNew.Main_Function">
    <skipped/>
  </testcase> <!-- GPSPersonalAttendant_001 -->
  <testcase name="GPSSequentialRing_001" time="394.624" classname="ApolloNew.Main_Function"/>
  <testcase name="GPSSimultaneousRing_001" time="384.947" classname="ApolloNew.Main_Function"/>
</testsuite> <!-- Default test -->
